Using pre-set license
Built from '2020.3/staging' branch; Version is '2020.3.33f1 (915a7af8b0d5) revision 9525882'; Using compiler version '192528614'; Build Type 'Release'
OS: 'Windows 11  (10.0.22000) 64bit Professional' Language: 'en' Physical Memory: 65277 MB
BatchMode: 1, IsHumanControllingUs: 0, StartBugReporterOnCrash: 0, Is64bit: 1, IsPro: 0

COMMAND LINE ARGUMENTS:
C:\Program Files\Unity\Hub\Editor\2020.3.33f1\Editor\Unity.exe
-adb2
-batchMode
-noUpm
-name
AssetImportWorker0
-projectPath
C:/Users/TUF GAMING/Documents/GitHub/Microsoft/VRMining/VRMining Project
-logFile
Logs/AssetImportWorker0.log
-srvPort
51879
Successfully changed project path to: C:/Users/TUF GAMING/Documents/GitHub/Microsoft/VRMining/VRMining Project
C:/Users/TUF GAMING/Documents/GitHub/Microsoft/VRMining/VRMining Project
Using Asset Import Pipeline V2.
Refreshing native plugins compatible for Editor in 61.34 ms, found 10 plugins.
Preloading 1 native plugins for Editor in 0.31 ms.
Initialize engine version: 2020.3.33f1 (915a7af8b0d5)
[Subsystems] Discovering subsystems at path C:/Program Files/Unity/Hub/Editor/2020.3.33f1/Editor/Data/Resources/UnitySubsystems
[Subsystems] Discovering subsystems at path C:/Users/TUF GAMING/Documents/GitHub/Microsoft/VRMining/VRMining Project/Assets
GfxDevice: creating device client; threaded=0
Direct3D:
    Version:  Direct3D 11.0 [level 11.1]
    Renderer: NVIDIA GeForce RTX 3080 (ID=0x2216)
    Vendor:   
    VRAM:     10078 MB
    Driver:   30.0.15.1123
Shader 'Oculus/OVRMRCameraFrameLit': fallback shader 'Alpha-Diffuse' not found
Initialize mono
Mono path[0] = 'C:/Program Files/Unity/Hub/Editor/2020.3.33f1/Editor/Data/Managed'
Mono path[1] = 'C:/Program Files/Unity/Hub/Editor/2020.3.33f1/Editor/Data/MonoBleedingEdge/lib/mono/unityjit'
Mono config path = 'C:/Program Files/Unity/Hub/Editor/2020.3.33f1/Editor/Data/MonoBleedingEdge/etc'
Using monoOptions --debugger-agent=transport=dt_socket,embedding=1,server=y,suspend=n,address=127.0.0.1:56172
Begin MonoManager ReloadAssembly
Registering precompiled unity dll's ...
Register platform support module: C:/Program Files/Unity/Hub/Editor/2020.3.33f1/Editor/Data/PlaybackEngines/WindowsStandaloneSupport/UnityEditor.WindowsStandalone.Extensions.dll
Registered in 0.000713 seconds.
Native extension for WindowsStandalone target not found
Refreshing native plugins compatible for Editor in 69.39 ms, found 10 plugins.
Preloading 1 native plugins for Editor in 0.03 ms.
Mono: successfully reloaded assembly
- Completed reload, in  0.346 seconds
Domain Reload Profiling:
	ReloadAssembly (347ms)
		BeginReloadAssembly (36ms)
			ExecutionOrderSort (0ms)
			DisableScriptedObjects (0ms)
			BackupInstance (0ms)
			ReleaseScriptingObjects (0ms)
			CreateAndSetChildDomain (1ms)
		EndReloadAssembly (277ms)
			LoadAssemblies (34ms)
			RebuildTransferFunctionScriptingTraits (0ms)
			SetupTypeCache (75ms)
			ReleaseScriptCaches (0ms)
			RebuildScriptCaches (14ms)
			SetupLoadedEditorAssemblies (132ms)
				LogAssemblyErrors (0ms)
				InitializePlatformSupportModulesInManaged (2ms)
				SetLoadedEditorAssemblies (0ms)
				RefreshPlugins (69ms)
				BeforeProcessingInitializeOnLoad (10ms)
				ProcessInitializeOnLoadAttributes (38ms)
				ProcessInitializeOnLoadMethodAttributes (13ms)
				AfterProcessingInitializeOnLoad (0ms)
				EditorAssembliesLoaded (0ms)
			ExecutionOrderSort2 (0ms)
			AwakeInstancesAfterBackupRestoration (0ms)
Platform modules already initialized, skipping
Registering precompiled user dll's ...
Registered in 0.002543 seconds.
Begin MonoManager ReloadAssembly
Symbol file LoadedFromMemory doesn't match image C:\Users\TUF GAMING\Documents\GitHub\Microsoft\VRMining\VRMining Project\Library\PackageCache\com.unity.collab-proxy@1.15.15\Lib\Editor\PlasticSCM\unityplastic.dll
Native extension for WindowsStandalone target not found
Refreshing native plugins compatible for Editor in 68.32 ms, found 10 plugins.
Preloading 1 native plugins for Editor in 0.03 ms.
[XR] OculusXRPlugin: registering subsystems
[XR] Unable to register display lifecyle provider: [1]
[XR] Oculus Input lifecycle provider registered.
[XR] Unable to register input lifecyle provider: [1]
[XR] OVRP version 1.76.0
Mono: successfully reloaded assembly
- Completed reload, in  0.710 seconds
Domain Reload Profiling:
	ReloadAssembly (710ms)
		BeginReloadAssembly (74ms)
			ExecutionOrderSort (0ms)
			DisableScriptedObjects (2ms)
			BackupInstance (0ms)
			ReleaseScriptingObjects (0ms)
			CreateAndSetChildDomain (10ms)
		EndReloadAssembly (604ms)
			LoadAssemblies (55ms)
			RebuildTransferFunctionScriptingTraits (0ms)
			SetupTypeCache (180ms)
			ReleaseScriptCaches (0ms)
			RebuildScriptCaches (37ms)
			SetupLoadedEditorAssemblies (263ms)
				LogAssemblyErrors (0ms)
				InitializePlatformSupportModulesInManaged (2ms)
				SetLoadedEditorAssemblies (0ms)
				RefreshPlugins (68ms)
				BeforeProcessingInitializeOnLoad (65ms)
				ProcessInitializeOnLoadAttributes (115ms)
				ProcessInitializeOnLoadMethodAttributes (10ms)
				AfterProcessingInitializeOnLoad (2ms)
				EditorAssembliesLoaded (0ms)
			ExecutionOrderSort2 (0ms)
			AwakeInstancesAfterBackupRestoration (4ms)
Platform modules already initialized, skipping
========================================================================
Worker process is ready to serve import requests
Shader 'Oculus/OVRMRCameraFrameLit': fallback shader 'Alpha-Diffuse' not found
Launched and connected shader compiler UnityShaderCompiler.exe after 0.02 seconds
Refreshing native plugins compatible for Editor in 0.82 ms, found 10 plugins.
Preloading 1 native plugins for Editor in 0.04 ms.
Unloading 4358 Unused Serialized files (Serialized files now loaded: 0)
System memory in use before: 189.6 MB.
System memory in use after: 189.8 MB.

Unloading 55 unused Assets to reduce memory usage. Loaded Objects now: 4765.
Total: 2.263100 ms (FindLiveObjects: 0.181300 ms CreateObjectMapping: 0.077100 ms MarkObjects: 1.907100 ms  DeleteObjects: 0.097200 ms)

AssetImportParameters requested are different than current active one (requested -> active):
  custom:framework-win-MediaFoundation: 216162199b28c13a410421893ffa2e32 -> 
  custom:video-decoder-ogg-theora: a1e56fd34408186e4bbccfd4996cb3dc -> 
  custom:container-muxer-webm: aa71ff27fc2769a1b78a27578f13a17b -> 
  custom:container-demuxer-webm: 4f35f7cbe854078d1ac9338744f61a02 -> 
  custom:container-demuxer-ogg: 62fdf1f143b41e24485cea50d1cbac27 -> 
  custom:video-encoder-webm-vp8: eb34c28f22e8b96e1ab97ce403110664 -> 
  custom:video-decoder-webm-vp8: 9c59270c3fd7afecdb556c50c9e8de78 -> 
  custom:audio-decoder-ogg-vorbis: bf7c407c2cedff20999df2af8eb42d56 -> 
  custom:audio-encoder-webm-vorbis: bf7c407c2cedff20999df2af8eb42d56 -> 
========================================================================
Received Import Request.
  path: Assets/VR Mining/UI/Undercuts.png
  artifactKey: Guid(e63844c9714e5e44eb8e2483b5278706) Importer(815301076,1909f56bfc062723c751e8b465ee728b)
Start importing Assets/VR Mining/UI/Undercuts.png using Guid(e63844c9714e5e44eb8e2483b5278706) Importer(815301076,1909f56bfc062723c751e8b465ee728b)  -> (artifact id: '7f7f8f3b107fe51b64c684776a3a054c') in 0.065878 seconds 
========================================================================
Received Import Request.
  Time since last request: 15.138553 seconds.
  path: Assets/VR Mining/Scenes/Dumper_Tipper 1.unity
  artifactKey: Guid(e6a933bf8414da0499b1e8205f3b70d9) Importer(815301076,1909f56bfc062723c751e8b465ee728b)
Start importing Assets/VR Mining/Scenes/Dumper_Tipper 1.unity using Guid(e6a933bf8414da0499b1e8205f3b70d9) Importer(815301076,1909f56bfc062723c751e8b465ee728b)  -> (artifact id: 'a047d0f282b6d956e900de1388c68cf8') in 0.001832 seconds 
========================================================================
Received Import Request.
  Time since last request: 7.188740 seconds.
  path: Assets/VR Mining/Scenes/Excavator.unity
  artifactKey: Guid(e6a933bf8414da0499b1e8205f3b70d9) Importer(815301076,1909f56bfc062723c751e8b465ee728b)
Start importing Assets/VR Mining/Scenes/Excavator.unity using Guid(e6a933bf8414da0499b1e8205f3b70d9) Importer(815301076,1909f56bfc062723c751e8b465ee728b)  -> (artifact id: 'e438460e116f0a7a1df12028c16aa422') in 0.002008 seconds 
========================================================================
Received Import Request.
  Time since last request: 38.489494 seconds.
  path: Assets/VR Mining/UI/clarens_midday_4k.exr
  artifactKey: Guid(a20066a5a331a1248896acf286a9b26b) Importer(815301076,1909f56bfc062723c751e8b465ee728b)
Start importing Assets/VR Mining/UI/clarens_midday_4k.exr using Guid(a20066a5a331a1248896acf286a9b26b) Importer(815301076,1909f56bfc062723c751e8b465ee728b)  -> (artifact id: '4edbf8fda89082d6d636f2c535e5757f') in 0.043406 seconds 
========================================================================
Received Import Request.
  Time since last request: 19.686542 seconds.
  path: Assets/VR Mining/UI/clarens_midday_4k.exr
  artifactKey: Guid(a20066a5a331a1248896acf286a9b26b) Importer(815301076,1909f56bfc062723c751e8b465ee728b)
Start importing Assets/VR Mining/UI/clarens_midday_4k.exr using Guid(a20066a5a331a1248896acf286a9b26b) Importer(815301076,1909f56bfc062723c751e8b465ee728b)  -> (artifact id: '012047bef27fb4771d3aad1f1b8e79cb') in 0.076368 seconds 
========================================================================
Received Import Request.
  Time since last request: 12.463724 seconds.
  path: Assets/VR Mining/UI/Excavator.exr
  artifactKey: Guid(a20066a5a331a1248896acf286a9b26b) Importer(815301076,1909f56bfc062723c751e8b465ee728b)
Start importing Assets/VR Mining/UI/Excavator.exr using Guid(a20066a5a331a1248896acf286a9b26b) Importer(815301076,1909f56bfc062723c751e8b465ee728b)  -> (artifact id: '5bb793466c21ace876b0acf7accb53af') in 0.050813 seconds 
========================================================================
Received Import Request.
  Time since last request: 19.125512 seconds.
  path: Assets/VR Mining/UI/Excavator-DumperTipper.exr
  artifactKey: Guid(a20066a5a331a1248896acf286a9b26b) Importer(815301076,1909f56bfc062723c751e8b465ee728b)
Start importing Assets/VR Mining/UI/Excavator-DumperTipper.exr using Guid(a20066a5a331a1248896acf286a9b26b) Importer(815301076,1909f56bfc062723c751e8b465ee728b)  -> (artifact id: '3a461aed494a5e88069168e5d7c64c18') in 0.035141 seconds 
========================================================================
Received Import Request.
  Time since last request: 67.760194 seconds.
  path: Assets/VR Mining/UI/fouriesburg_mountain_cloudy_4k.exr
  artifactKey: Guid(bc078181aa13972478762e2e972f4392) Importer(815301076,1909f56bfc062723c751e8b465ee728b)
Start importing Assets/VR Mining/UI/fouriesburg_mountain_cloudy_4k.exr using Guid(bc078181aa13972478762e2e972f4392) Importer(815301076,1909f56bfc062723c751e8b465ee728b)  -> (artifact id: '93ccb49bef8e563581600b7820a5cf41') in 0.016026 seconds 
========================================================================
Received Import Request.
  Time since last request: 14.495947 seconds.
  path: Assets/VR Mining/UI/Excavator-DumperTipper.exr
  artifactKey: Guid(bc078181aa13972478762e2e972f4392) Importer(815301076,1909f56bfc062723c751e8b465ee728b)
Start importing Assets/VR Mining/UI/Excavator-DumperTipper.exr using Guid(bc078181aa13972478762e2e972f4392) Importer(815301076,1909f56bfc062723c751e8b465ee728b)  -> (artifact id: '6b3a37343c7090e47b9b11d6b5765dfc') in 0.015757 seconds 
========================================================================
Received Import Request.
  Time since last request: 8.197118 seconds.
  path: Assets/VR Mining/UI/Excavator-DumperTipper.exr
  artifactKey: Guid(bc078181aa13972478762e2e972f4392) Importer(815301076,1909f56bfc062723c751e8b465ee728b)
Start importing Assets/VR Mining/UI/Excavator-DumperTipper.exr using Guid(bc078181aa13972478762e2e972f4392) Importer(815301076,1909f56bfc062723c751e8b465ee728b)  -> (artifact id: 'f3e3a3be4017419ab937f1cb4de10fc8') in 0.042493 seconds 
========================================================================
Received Import Request.
  Time since last request: 337.421537 seconds.
  path: Assets/VR Mining/UI/Asset 16@300x-8.png
  artifactKey: Guid(f252ad4333c45ac479d3916790da6d3b) Importer(815301076,1909f56bfc062723c751e8b465ee728b)
Start importing Assets/VR Mining/UI/Asset 16@300x-8.png using Guid(f252ad4333c45ac479d3916790da6d3b) Importer(815301076,1909f56bfc062723c751e8b465ee728b)  -> (artifact id: 'e81b3c24ab2a1b3c0ba8df8db8efafec') in 0.019480 seconds 
========================================================================
Received Import Request.
  Time since last request: 84.664031 seconds.
  path: Assets/VR Mining/UI/ExcavatorName.png
  artifactKey: Guid(f252ad4333c45ac479d3916790da6d3b) Importer(815301076,1909f56bfc062723c751e8b465ee728b)
Start importing Assets/VR Mining/UI/ExcavatorName.png using Guid(f252ad4333c45ac479d3916790da6d3b) Importer(815301076,1909f56bfc062723c751e8b465ee728b)  -> (artifact id: '8dcb394f0460ddf3e6908aa5968e2bca') in 0.014796 seconds 
========================================================================
Received Import Request.
  Time since last request: 36.046728 seconds.
  path: Assets/VR Mining/UI/ExcavatorName.png
  artifactKey: Guid(f252ad4333c45ac479d3916790da6d3b) Importer(815301076,1909f56bfc062723c751e8b465ee728b)
Start importing Assets/VR Mining/UI/ExcavatorName.png using Guid(f252ad4333c45ac479d3916790da6d3b) Importer(815301076,1909f56bfc062723c751e8b465ee728b)  -> (artifact id: 'cb8797a0723aaab9034c08c12085edbd') in 0.024823 seconds 
========================================================================
Received Import Request.
  Time since last request: 1443.419937 seconds.
  path: Assets/VR Mining/Scripts/CameraPositionScript.cs
  artifactKey: Guid(4738286407300c840a06435c91d86124) Importer(815301076,1909f56bfc062723c751e8b465ee728b)
Start importing Assets/VR Mining/Scripts/CameraPositionScript.cs using Guid(4738286407300c840a06435c91d86124) Importer(815301076,1909f56bfc062723c751e8b465ee728b)  -> (artifact id: 'e1038204fba2aec445f2dca7cc6d3964') in 0.040401 seconds 
========================================================================
Received Import Request.
  Time since last request: 2520.807324 seconds.
  path: Assets/VR Mining/UI/Minerals.jpg
  artifactKey: Guid(58e01abec3558e846ba5affa26ca1811) Importer(815301076,1909f56bfc062723c751e8b465ee728b)
Start importing Assets/VR Mining/UI/Minerals.jpg using Guid(58e01abec3558e846ba5affa26ca1811) Importer(815301076,1909f56bfc062723c751e8b465ee728b)  -> (artifact id: '9d21a4def77e7599aa8dcd070b1dcbf5') in 0.015710 seconds 
========================================================================
Received Import Request.
  Time since last request: 3.399692 seconds.
  path: Assets/VR Mining/UI/Minerals.jpg
  artifactKey: Guid(58e01abec3558e846ba5affa26ca1811) Importer(815301076,1909f56bfc062723c751e8b465ee728b)
Start importing Assets/VR Mining/UI/Minerals.jpg using Guid(58e01abec3558e846ba5affa26ca1811) Importer(815301076,1909f56bfc062723c751e8b465ee728b)  -> (artifact id: '5f6ace19d4b0c6d6d0fae3945882a1bb') in 0.012657 seconds 
========================================================================
Received Import Request.
  Time since last request: 3030.894832 seconds.
  path: Assets/VR Mining/UI/Artificial Minerals.png
  artifactKey: Guid(28d97ec47d990094d89689f66f81d346) Importer(815301076,1909f56bfc062723c751e8b465ee728b)
Start importing Assets/VR Mining/UI/Artificial Minerals.png using Guid(28d97ec47d990094d89689f66f81d346) Importer(815301076,1909f56bfc062723c751e8b465ee728b)  -> (artifact id: 'cf29a196e4df809dfe5c56a368a7a5b3') in 0.013553 seconds 
========================================================================
Received Import Request.
  Time since last request: 3.918730 seconds.
  path: Assets/VR Mining/UI/Artificial Minerals.png
  artifactKey: Guid(28d97ec47d990094d89689f66f81d346) Importer(815301076,1909f56bfc062723c751e8b465ee728b)
Start importing Assets/VR Mining/UI/Artificial Minerals.png using Guid(28d97ec47d990094d89689f66f81d346) Importer(815301076,1909f56bfc062723c751e8b465ee728b)  -> (artifact id: '356e8b9c54dae60177e80136a682a4e5') in 0.019255 seconds 
========================================================================
Received Import Request.
  Time since last request: 1324.193694 seconds.
  path: Assets/VR Mining/UI/Rocks.png
  artifactKey: Guid(0e8b8b7d1648a864392c9c559f00f5e5) Importer(815301076,1909f56bfc062723c751e8b465ee728b)
Start importing Assets/VR Mining/UI/Rocks.png using Guid(0e8b8b7d1648a864392c9c559f00f5e5) Importer(815301076,1909f56bfc062723c751e8b465ee728b)  -> (artifact id: '37cdbbdae464b57738bc6654632bafc9') in 0.014296 seconds 
========================================================================
Received Import Request.
  Time since last request: 5.437125 seconds.
  path: Assets/VR Mining/UI/Rocks.png
  artifactKey: Guid(0e8b8b7d1648a864392c9c559f00f5e5) Importer(815301076,1909f56bfc062723c751e8b465ee728b)
Start importing Assets/VR Mining/UI/Rocks.png using Guid(0e8b8b7d1648a864392c9c559f00f5e5) Importer(815301076,1909f56bfc062723c751e8b465ee728b)  -> (artifact id: 'bedcf2ec634da00395572bf113a29807') in 0.015632 seconds 
========================================================================
Received Import Request.
  Time since last request: 6.648613 seconds.
  path: Assets/VR Mining/UI/Ores.png
  artifactKey: Guid(520be0b44df952545bdf1544b8243f1c) Importer(815301076,1909f56bfc062723c751e8b465ee728b)
Start importing Assets/VR Mining/UI/Ores.png using Guid(520be0b44df952545bdf1544b8243f1c) Importer(815301076,1909f56bfc062723c751e8b465ee728b)  -> (artifact id: 'd98120f88fc41383b5ea6e52107da5a7') in 0.009781 seconds 
========================================================================
Received Import Request.
  Time since last request: 3.866746 seconds.
  path: Assets/VR Mining/UI/Ores.png
  artifactKey: Guid(520be0b44df952545bdf1544b8243f1c) Importer(815301076,1909f56bfc062723c751e8b465ee728b)
Start importing Assets/VR Mining/UI/Ores.png using Guid(520be0b44df952545bdf1544b8243f1c) Importer(815301076,1909f56bfc062723c751e8b465ee728b)  -> (artifact id: '46492239c09f6b9c7db3d1fbe781c8a6') in 0.014409 seconds 
========================================================================
Received Import Request.
  Time since last request: 5136.912673 seconds.
  path: Assets/VR Mining/UI/Open-pit mining.jpg
  artifactKey: Guid(0de8332f2b322c145b81d491d790d8cb) Importer(815301076,1909f56bfc062723c751e8b465ee728b)
Start importing Assets/VR Mining/UI/Open-pit mining.jpg using Guid(0de8332f2b322c145b81d491d790d8cb) Importer(815301076,1909f56bfc062723c751e8b465ee728b)  -> (artifact id: 'bee67c1620be181ed298141193f34372') in 0.025165 seconds 
========================================================================
Received Import Request.
  Time since last request: 3.425805 seconds.
  path: Assets/VR Mining/UI/Open-pit mining.jpg
  artifactKey: Guid(0de8332f2b322c145b81d491d790d8cb) Importer(815301076,1909f56bfc062723c751e8b465ee728b)
Start importing Assets/VR Mining/UI/Open-pit mining.jpg using Guid(0de8332f2b322c145b81d491d790d8cb) Importer(815301076,1909f56bfc062723c751e8b465ee728b)  -> (artifact id: '8b8e320526e89132028dd661428aaf27') in 0.017257 seconds 
========================================================================
Received Import Request.
  Time since last request: 38.101480 seconds.
  path: Assets/VR Mining/UI/Strip mining.jpg
  artifactKey: Guid(ff93268512ab72b408cd7c009adadbbd) Importer(815301076,1909f56bfc062723c751e8b465ee728b)
Start importing Assets/VR Mining/UI/Strip mining.jpg using Guid(ff93268512ab72b408cd7c009adadbbd) Importer(815301076,1909f56bfc062723c751e8b465ee728b)  -> (artifact id: 'f6b8c1e8b8dfcc3bfae8d70a3b1b019c') in 0.012153 seconds 
========================================================================
Received Import Request.
  Time since last request: 4.988018 seconds.
  path: Assets/VR Mining/UI/Strip mining.jpg
  artifactKey: Guid(ff93268512ab72b408cd7c009adadbbd) Importer(815301076,1909f56bfc062723c751e8b465ee728b)
Start importing Assets/VR Mining/UI/Strip mining.jpg using Guid(ff93268512ab72b408cd7c009adadbbd) Importer(815301076,1909f56bfc062723c751e8b465ee728b)  -> (artifact id: '8e173333a060262915e5a24b4ee15707') in 0.015617 seconds 
========================================================================
Received Import Request.
  Time since last request: 2597.206566 seconds.
  path: Assets/VR Mining/UI/Quarrying-Cutting.jpg
  artifactKey: Guid(b18cf9f3307c08d4faadb73c09c163d2) Importer(815301076,1909f56bfc062723c751e8b465ee728b)
Start importing Assets/VR Mining/UI/Quarrying-Cutting.jpg using Guid(b18cf9f3307c08d4faadb73c09c163d2) Importer(815301076,1909f56bfc062723c751e8b465ee728b)  -> (artifact id: 'f8b36aca88dca14677669fff1dbe343f') in 0.013518 seconds 
========================================================================
Received Import Request.
  Time since last request: 15.734661 seconds.
  path: Assets/VR Mining/UI/Quarrying-Cutting.jpg
  artifactKey: Guid(b18cf9f3307c08d4faadb73c09c163d2) Importer(815301076,1909f56bfc062723c751e8b465ee728b)
Start importing Assets/VR Mining/UI/Quarrying-Cutting.jpg using Guid(b18cf9f3307c08d4faadb73c09c163d2) Importer(815301076,1909f56bfc062723c751e8b465ee728b)  -> (artifact id: 'f336328957041e372890437bbfaeeb6d') in 0.016358 seconds 
========================================================================
Received Import Request.
  Time since last request: 17.654400 seconds.
  path: Assets/VR Mining/UI/Mountaintop.jpg
  artifactKey: Guid(7d88112140cfa0d4eb1d8397a5a9c3c0) Importer(815301076,1909f56bfc062723c751e8b465ee728b)
Start importing Assets/VR Mining/UI/Mountaintop.jpg using Guid(7d88112140cfa0d4eb1d8397a5a9c3c0) Importer(815301076,1909f56bfc062723c751e8b465ee728b)  -> (artifact id: '132dd0dff1cdb210c1c8b87f079e75a6') in 0.018012 seconds 
========================================================================
Received Import Request.
  Time since last request: 4.679405 seconds.
  path: Assets/VR Mining/UI/Mountaintop.jpg
  artifactKey: Guid(7d88112140cfa0d4eb1d8397a5a9c3c0) Importer(815301076,1909f56bfc062723c751e8b465ee728b)
Start importing Assets/VR Mining/UI/Mountaintop.jpg using Guid(7d88112140cfa0d4eb1d8397a5a9c3c0) Importer(815301076,1909f56bfc062723c751e8b465ee728b)  -> (artifact id: '39984d53cd35b4e9afc9e476930b3c02') in 0.057380 seconds 
========================================================================
Received Import Request.
  Time since last request: 347.290762 seconds.
  path: Assets/VR Mining/UI/Placer mining.jpg
  artifactKey: Guid(c35371a0f914ff94090c2b422d0d14f7) Importer(815301076,1909f56bfc062723c751e8b465ee728b)
Start importing Assets/VR Mining/UI/Placer mining.jpg using Guid(c35371a0f914ff94090c2b422d0d14f7) Importer(815301076,1909f56bfc062723c751e8b465ee728b)  -> (artifact id: 'b8a7ae807ff5f5107518cbef0e478f71') in 0.016771 seconds 
========================================================================
Received Import Request.
  Time since last request: 3.051499 seconds.
  path: Assets/VR Mining/UI/Placer mining.jpg
  artifactKey: Guid(c35371a0f914ff94090c2b422d0d14f7) Importer(815301076,1909f56bfc062723c751e8b465ee728b)
Start importing Assets/VR Mining/UI/Placer mining.jpg using Guid(c35371a0f914ff94090c2b422d0d14f7) Importer(815301076,1909f56bfc062723c751e8b465ee728b)  -> (artifact id: '88fbeb29b5178fbe20dc10eb4297a246') in 0.015428 seconds 
========================================================================
Received Import Request.
  Time since last request: 18.703736 seconds.
  path: Assets/VR Mining/UI/Dredging.jpg
  artifactKey: Guid(e2da91826591c5d4894d5fc168144cbc) Importer(815301076,1909f56bfc062723c751e8b465ee728b)
Start importing Assets/VR Mining/UI/Dredging.jpg using Guid(e2da91826591c5d4894d5fc168144cbc) Importer(815301076,1909f56bfc062723c751e8b465ee728b)  -> (artifact id: '527814ba4bfea1312cafd7788a0e1dc4') in 0.013881 seconds 
========================================================================
Received Import Request.
  Time since last request: 4.235438 seconds.
  path: Assets/VR Mining/UI/Dredging.jpg
  artifactKey: Guid(e2da91826591c5d4894d5fc168144cbc) Importer(815301076,1909f56bfc062723c751e8b465ee728b)
Start importing Assets/VR Mining/UI/Dredging.jpg using Guid(e2da91826591c5d4894d5fc168144cbc) Importer(815301076,1909f56bfc062723c751e8b465ee728b)  -> (artifact id: '2d3856f28d27312cf6313e954acdfb6d') in 0.100012 seconds 
========================================================================
Received Import Request.
  Time since last request: 2190.337212 seconds.
  path: Assets/VR Mining/UI/Subsurface mining (1).jpg
  artifactKey: Guid(1f532797b980b654cac8d86cb31df032) Importer(815301076,1909f56bfc062723c751e8b465ee728b)
Start importing Assets/VR Mining/UI/Subsurface mining (1).jpg using Guid(1f532797b980b654cac8d86cb31df032) Importer(815301076,1909f56bfc062723c751e8b465ee728b)  -> (artifact id: '3ca18247bfcd98ae561626219ffad4d4') in 0.019465 seconds 
========================================================================
Received Import Request.
  Time since last request: 1.698935 seconds.
  path: Assets/VR Mining/UI/Subsurface mining.jpg
  artifactKey: Guid(e2e38eb2574eb5d4383d002a984e9897) Importer(815301076,1909f56bfc062723c751e8b465ee728b)
Start importing Assets/VR Mining/UI/Subsurface mining.jpg using Guid(e2e38eb2574eb5d4383d002a984e9897) Importer(815301076,1909f56bfc062723c751e8b465ee728b)  -> (artifact id: '0a52547a50befc399d7712efa043304d') in 0.013071 seconds 
========================================================================
Received Import Request.
  Time since last request: 11.145591 seconds.
  path: Assets/VR Mining/UI/Subsurface mining.jpg
  artifactKey: Guid(e2e38eb2574eb5d4383d002a984e9897) Importer(815301076,1909f56bfc062723c751e8b465ee728b)
Start importing Assets/VR Mining/UI/Subsurface mining.jpg using Guid(e2e38eb2574eb5d4383d002a984e9897) Importer(815301076,1909f56bfc062723c751e8b465ee728b)  -> (artifact id: 'd4927ed2143731aae51b6eb6c876d864') in 0.065873 seconds 
========================================================================
Received Import Request.
  Time since last request: 44.961330 seconds.
  path: Assets/VR Mining/UI/Drift mining.jpg
  artifactKey: Guid(d090ddaa0009c7c4a9a60b2a2b21de62) Importer(815301076,1909f56bfc062723c751e8b465ee728b)
Start importing Assets/VR Mining/UI/Drift mining.jpg using Guid(d090ddaa0009c7c4a9a60b2a2b21de62) Importer(815301076,1909f56bfc062723c751e8b465ee728b)  -> (artifact id: '68a6f28febd6277e63527436cb3428d2') in 0.010893 seconds 
========================================================================
Received Import Request.
  Time since last request: 3.528867 seconds.
  path: Assets/VR Mining/UI/Drift mining.jpg
  artifactKey: Guid(d090ddaa0009c7c4a9a60b2a2b21de62) Importer(815301076,1909f56bfc062723c751e8b465ee728b)
Start importing Assets/VR Mining/UI/Drift mining.jpg using Guid(d090ddaa0009c7c4a9a60b2a2b21de62) Importer(815301076,1909f56bfc062723c751e8b465ee728b)  -> (artifact id: 'da89fd5dec6712fc799ed5a6c289f861') in 0.016583 seconds 
========================================================================
Received Import Request.
  Time since last request: 337.460755 seconds.
  path: Assets/VR Mining/UI/Shaft mining.jpg
  artifactKey: Guid(acf83a53530fd76418392cc0e5680c77) Importer(815301076,1909f56bfc062723c751e8b465ee728b)
Start importing Assets/VR Mining/UI/Shaft mining.jpg using Guid(acf83a53530fd76418392cc0e5680c77) Importer(815301076,1909f56bfc062723c751e8b465ee728b)  -> (artifact id: '1e38dde5ca5f7e6cba5b7ec088ff06a5') in 0.018701 seconds 
========================================================================
Received Import Request.
  Time since last request: 2.758900 seconds.
  path: Assets/VR Mining/UI/Shaft mining.jpg
  artifactKey: Guid(acf83a53530fd76418392cc0e5680c77) Importer(815301076,1909f56bfc062723c751e8b465ee728b)
Start importing Assets/VR Mining/UI/Shaft mining.jpg using Guid(acf83a53530fd76418392cc0e5680c77) Importer(815301076,1909f56bfc062723c751e8b465ee728b)  -> (artifact id: '6b354684023f9e935f04630c37bf40da') in 0.018559 seconds 
========================================================================
Received Import Request.
  Time since last request: 12.015177 seconds.
  path: Assets/VR Mining/UI/Slope Mining.jpg
  artifactKey: Guid(7092af65665be5f418f8d53ab1e3ee27) Importer(815301076,1909f56bfc062723c751e8b465ee728b)
Start importing Assets/VR Mining/UI/Slope Mining.jpg using Guid(7092af65665be5f418f8d53ab1e3ee27) Importer(815301076,1909f56bfc062723c751e8b465ee728b)  -> (artifact id: 'ab34f5e8b234fd5bd6bc951d7d48eb21') in 0.012893 seconds 
========================================================================
Received Import Request.
  Time since last request: 5.287821 seconds.
  path: Assets/VR Mining/UI/Slope Mining.jpg
  artifactKey: Guid(7092af65665be5f418f8d53ab1e3ee27) Importer(815301076,1909f56bfc062723c751e8b465ee728b)
Start importing Assets/VR Mining/UI/Slope Mining.jpg using Guid(7092af65665be5f418f8d53ab1e3ee27) Importer(815301076,1909f56bfc062723c751e8b465ee728b)  -> (artifact id: '27e42ff8e374e684b7f02f4a6173a1bc') in 0.017697 seconds 
========================================================================
Received Import Request.
  Time since last request: 244.524376 seconds.
  path: Assets/VR Mining/UI/Room-pillar.jpg
  artifactKey: Guid(8b4eadba14df1d648a5c5e2185066d86) Importer(815301076,1909f56bfc062723c751e8b465ee728b)
Start importing Assets/VR Mining/UI/Room-pillar.jpg using Guid(8b4eadba14df1d648a5c5e2185066d86) Importer(815301076,1909f56bfc062723c751e8b465ee728b)  -> (artifact id: '18afa6c8fb3787b4b4ac805b0497897c') in 0.013329 seconds 
========================================================================
Received Import Request.
  Time since last request: 6.363062 seconds.
  path: Assets/VR Mining/UI/Room-pillar.jpg
  artifactKey: Guid(8b4eadba14df1d648a5c5e2185066d86) Importer(815301076,1909f56bfc062723c751e8b465ee728b)
Start importing Assets/VR Mining/UI/Room-pillar.jpg using Guid(8b4eadba14df1d648a5c5e2185066d86) Importer(815301076,1909f56bfc062723c751e8b465ee728b)  -> (artifact id: '5228d21540fe125d3e35986347a3bcf5') in 0.025401 seconds 
========================================================================
Received Import Request.
  Time since last request: 15.630331 seconds.
  path: Assets/VR Mining/UI/longwall.png
  artifactKey: Guid(26ccc7944a89daa49ac288629a212f7c) Importer(815301076,1909f56bfc062723c751e8b465ee728b)
Start importing Assets/VR Mining/UI/longwall.png using Guid(26ccc7944a89daa49ac288629a212f7c) Importer(815301076,1909f56bfc062723c751e8b465ee728b)  -> (artifact id: '4372758743e20cdf0c2c53a037012170') in 0.012396 seconds 
========================================================================
Received Import Request.
  Time since last request: 3.413559 seconds.
  path: Assets/VR Mining/UI/longwall.png
  artifactKey: Guid(26ccc7944a89daa49ac288629a212f7c) Importer(815301076,1909f56bfc062723c751e8b465ee728b)
Start importing Assets/VR Mining/UI/longwall.png using Guid(26ccc7944a89daa49ac288629a212f7c) Importer(815301076,1909f56bfc062723c751e8b465ee728b)  -> (artifact id: '5eedda599be049b12ac77f1094e6ef45') in 0.023176 seconds 
========================================================================
Received Import Request.
  Time since last request: 620.826728 seconds.
  path: Assets/VR Mining/UI/Phases in Mining.jpg
  artifactKey: Guid(f9db1953f0d12f047b5af547fc080eb5) Importer(815301076,1909f56bfc062723c751e8b465ee728b)
Start importing Assets/VR Mining/UI/Phases in Mining.jpg using Guid(f9db1953f0d12f047b5af547fc080eb5) Importer(815301076,1909f56bfc062723c751e8b465ee728b)  -> (artifact id: 'c3597866a54c577ae907792effc9019f') in 0.015045 seconds 
========================================================================
Received Import Request.
  Time since last request: 3.366884 seconds.
  path: Assets/VR Mining/UI/Phases in Mining.jpg
  artifactKey: Guid(f9db1953f0d12f047b5af547fc080eb5) Importer(815301076,1909f56bfc062723c751e8b465ee728b)
Start importing Assets/VR Mining/UI/Phases in Mining.jpg using Guid(f9db1953f0d12f047b5af547fc080eb5) Importer(815301076,1909f56bfc062723c751e8b465ee728b)  -> (artifact id: '3e604ecd3da2d6d270e5b54742d90c6c') in 0.021493 seconds 
========================================================================
Received Import Request.
  Time since last request: 443.398199 seconds.
  path: Assets/VR Mining/UI/1 (2).jpg
  artifactKey: Guid(51ccd062e58b7cd4ba0822e5d2e7505b) Importer(815301076,1909f56bfc062723c751e8b465ee728b)
Start importing Assets/VR Mining/UI/1 (2).jpg using Guid(51ccd062e58b7cd4ba0822e5d2e7505b) Importer(815301076,1909f56bfc062723c751e8b465ee728b)  -> (artifact id: '7734102b40949d5e0078424087e7dd0b') in 0.014261 seconds 
========================================================================
Received Import Request.
  Time since last request: 4.087653 seconds.
  path: Assets/VR Mining/UI/1.jpg
  artifactKey: Guid(51ccd062e58b7cd4ba0822e5d2e7505b) Importer(815301076,1909f56bfc062723c751e8b465ee728b)
Start importing Assets/VR Mining/UI/1.jpg using Guid(51ccd062e58b7cd4ba0822e5d2e7505b) Importer(815301076,1909f56bfc062723c751e8b465ee728b)  -> (artifact id: '1e64a78c3a57f03b9c4c63f970fad74e') in 0.010108 seconds 
========================================================================
Received Import Request.
  Time since last request: 7.202925 seconds.
  path: Assets/VR Mining/UI/1.jpg
  artifactKey: Guid(51ccd062e58b7cd4ba0822e5d2e7505b) Importer(815301076,1909f56bfc062723c751e8b465ee728b)
Start importing Assets/VR Mining/UI/1.jpg using Guid(51ccd062e58b7cd4ba0822e5d2e7505b) Importer(815301076,1909f56bfc062723c751e8b465ee728b)  -> (artifact id: '4e02f57f35aa26deaefee1e2e35c898e') in 0.015980 seconds 
========================================================================
Received Import Request.
  Time since last request: 3.127391 seconds.
  path: Assets/VR Mining/UI/2.png
  artifactKey: Guid(2e32f3730cc7f524fbd37faaa43ff8c7) Importer(815301076,1909f56bfc062723c751e8b465ee728b)
Start importing Assets/VR Mining/UI/2.png using Guid(2e32f3730cc7f524fbd37faaa43ff8c7) Importer(815301076,1909f56bfc062723c751e8b465ee728b)  -> (artifact id: 'aa87c541d1d097e7739f9ddf75032f1f') in 0.010940 seconds 
========================================================================
Received Import Request.
  Time since last request: 3.778373 seconds.
  path: Assets/VR Mining/UI/2.png
  artifactKey: Guid(2e32f3730cc7f524fbd37faaa43ff8c7) Importer(815301076,1909f56bfc062723c751e8b465ee728b)
Start importing Assets/VR Mining/UI/2.png using Guid(2e32f3730cc7f524fbd37faaa43ff8c7) Importer(815301076,1909f56bfc062723c751e8b465ee728b)  -> (artifact id: 'e8111571934ac792de90687c760bd553') in 0.015964 seconds 
========================================================================
Received Import Request.
  Time since last request: 0.920679 seconds.
  path: Assets/VR Mining/UI/4.png
  artifactKey: Guid(73c11e9dbecba3f4ba14970326f3c740) Importer(815301076,1909f56bfc062723c751e8b465ee728b)
Start importing Assets/VR Mining/UI/4.png using Guid(73c11e9dbecba3f4ba14970326f3c740) Importer(815301076,1909f56bfc062723c751e8b465ee728b)  -> (artifact id: '7978d8534939af90a2279a87be465298') in 0.011533 seconds 
========================================================================
Received Import Request.
  Time since last request: 0.357516 seconds.
  path: Assets/VR Mining/UI/3.png
  artifactKey: Guid(c921a832db03e104c80a4dd28d4f1398) Importer(815301076,1909f56bfc062723c751e8b465ee728b)
Start importing Assets/VR Mining/UI/3.png using Guid(c921a832db03e104c80a4dd28d4f1398) Importer(815301076,1909f56bfc062723c751e8b465ee728b)  -> (artifact id: '0c12e087ccc93b54c976188831ae43f0') in 0.011559 seconds 
========================================================================
Received Import Request.
  Time since last request: 2.670276 seconds.
  path: Assets/VR Mining/UI/3.png
  artifactKey: Guid(c921a832db03e104c80a4dd28d4f1398) Importer(815301076,1909f56bfc062723c751e8b465ee728b)
Start importing Assets/VR Mining/UI/3.png using Guid(c921a832db03e104c80a4dd28d4f1398) Importer(815301076,1909f56bfc062723c751e8b465ee728b)  -> (artifact id: 'f62d45eb5f5c260fdf559780f2dfbad9') in 0.012197 seconds 
========================================================================
Received Import Request.
  Time since last request: 4.891484 seconds.
  path: Assets/VR Mining/UI/4.png
  artifactKey: Guid(73c11e9dbecba3f4ba14970326f3c740) Importer(815301076,1909f56bfc062723c751e8b465ee728b)
Start importing Assets/VR Mining/UI/4.png using Guid(73c11e9dbecba3f4ba14970326f3c740) Importer(815301076,1909f56bfc062723c751e8b465ee728b)  -> (artifact id: '05c163f190e5c4748965e896b9f524d8') in 0.013720 seconds 
========================================================================
Received Import Request.
  Time since last request: 1.214814 seconds.
  path: Assets/VR Mining/UI/6.png
  artifactKey: Guid(6f0ae0a64a41bef45a0c017d5e5b01dc) Importer(815301076,1909f56bfc062723c751e8b465ee728b)
Start importing Assets/VR Mining/UI/6.png using Guid(6f0ae0a64a41bef45a0c017d5e5b01dc) Importer(815301076,1909f56bfc062723c751e8b465ee728b)  -> (artifact id: 'b79c309c79cfaf9047f456709b0e6558') in 0.013287 seconds 
========================================================================
Received Import Request.
  Time since last request: 0.602440 seconds.
  path: Assets/VR Mining/UI/5.png
  artifactKey: Guid(783067c04b404fa45ba4be4aae2682d4) Importer(815301076,1909f56bfc062723c751e8b465ee728b)
Start importing Assets/VR Mining/UI/5.png using Guid(783067c04b404fa45ba4be4aae2682d4) Importer(815301076,1909f56bfc062723c751e8b465ee728b)  -> (artifact id: '743418753f128f60af68086a5f76ffc3') in 0.012983 seconds 
========================================================================
Received Import Request.
  Time since last request: 3.115402 seconds.
  path: Assets/VR Mining/UI/5.png
  artifactKey: Guid(783067c04b404fa45ba4be4aae2682d4) Importer(815301076,1909f56bfc062723c751e8b465ee728b)
Start importing Assets/VR Mining/UI/5.png using Guid(783067c04b404fa45ba4be4aae2682d4) Importer(815301076,1909f56bfc062723c751e8b465ee728b)  -> (artifact id: '87249c97aa0d464f03fc0b480f9a6f29') in 0.015154 seconds 
========================================================================
Received Import Request.
  Time since last request: 4.724748 seconds.
  path: Assets/VR Mining/UI/6.png
  artifactKey: Guid(6f0ae0a64a41bef45a0c017d5e5b01dc) Importer(815301076,1909f56bfc062723c751e8b465ee728b)
Start importing Assets/VR Mining/UI/6.png using Guid(6f0ae0a64a41bef45a0c017d5e5b01dc) Importer(815301076,1909f56bfc062723c751e8b465ee728b)  -> (artifact id: '2d03a2fe15c4e0b32900dd9f6040b276') in 0.015151 seconds 
========================================================================
Received Import Request.
  Time since last request: 1.265179 seconds.
  path: Assets/VR Mining/UI/8.png
  artifactKey: Guid(319b3cf42583b12479f67d78a2e94aba) Importer(815301076,1909f56bfc062723c751e8b465ee728b)
Start importing Assets/VR Mining/UI/8.png using Guid(319b3cf42583b12479f67d78a2e94aba) Importer(815301076,1909f56bfc062723c751e8b465ee728b)  -> (artifact id: 'fa786e20bcc2888c9f9d1fb91c32657a') in 0.012830 seconds 
========================================================================
Received Import Request.
  Time since last request: 0.468584 seconds.
  path: Assets/VR Mining/UI/7.png
  artifactKey: Guid(53c84fc326ebe364bbc829082d05a477) Importer(815301076,1909f56bfc062723c751e8b465ee728b)
Start importing Assets/VR Mining/UI/7.png using Guid(53c84fc326ebe364bbc829082d05a477) Importer(815301076,1909f56bfc062723c751e8b465ee728b)  -> (artifact id: '132a63319fe3f2d77f5e8ddccb56cd78') in 0.013360 seconds 
========================================================================
Received Import Request.
  Time since last request: 3.411643 seconds.
  path: Assets/VR Mining/UI/7.png
  artifactKey: Guid(53c84fc326ebe364bbc829082d05a477) Importer(815301076,1909f56bfc062723c751e8b465ee728b)
Start importing Assets/VR Mining/UI/7.png using Guid(53c84fc326ebe364bbc829082d05a477) Importer(815301076,1909f56bfc062723c751e8b465ee728b)  -> (artifact id: '2d86269befdcf6edcbe6e58f95ec255d') in 0.013399 seconds 
========================================================================
Received Import Request.
  Time since last request: 4.792040 seconds.
  path: Assets/VR Mining/UI/8.png
  artifactKey: Guid(319b3cf42583b12479f67d78a2e94aba) Importer(815301076,1909f56bfc062723c751e8b465ee728b)
Start importing Assets/VR Mining/UI/8.png using Guid(319b3cf42583b12479f67d78a2e94aba) Importer(815301076,1909f56bfc062723c751e8b465ee728b)  -> (artifact id: 'c49e78630ceaa0e4fe129377a24221d2') in 0.019966 seconds 
========================================================================
Received Import Request.
  Time since last request: 1035.983003 seconds.
  path: Assets/VR Mining/UI/Surface mining.png
  artifactKey: Guid(1f86e0661cf315e4f994c5cd0b104e2a) Importer(815301076,1909f56bfc062723c751e8b465ee728b)
Start importing Assets/VR Mining/UI/Surface mining.png using Guid(1f86e0661cf315e4f994c5cd0b104e2a) Importer(815301076,1909f56bfc062723c751e8b465ee728b)  -> (artifact id: 'e0d5a8aa36104ad9d048302567c2b32f') in 0.014766 seconds 
========================================================================
Received Import Request.
  Time since last request: 4.202719 seconds.
  path: Assets/VR Mining/UI/Surface mining.png
  artifactKey: Guid(1f86e0661cf315e4f994c5cd0b104e2a) Importer(815301076,1909f56bfc062723c751e8b465ee728b)
Start importing Assets/VR Mining/UI/Surface mining.png using Guid(1f86e0661cf315e4f994c5cd0b104e2a) Importer(815301076,1909f56bfc062723c751e8b465ee728b)  -> (artifact id: 'fbff6940c0e1d64cb2b6dd0367e70cfd') in 0.018322 seconds 
========================================================================
Received Import Request.
  Time since last request: 170.280743 seconds.
  path: Assets/VR Mining/UI/Underground mining.png
  artifactKey: Guid(b35c71d487ca4ad49885d7e588178d15) Importer(815301076,1909f56bfc062723c751e8b465ee728b)
Start importing Assets/VR Mining/UI/Underground mining.png using Guid(b35c71d487ca4ad49885d7e588178d15) Importer(815301076,1909f56bfc062723c751e8b465ee728b)  -> (artifact id: 'cad8f1607b4582da0392569cb9f8ff05') in 0.010761 seconds 
========================================================================
Received Import Request.
  Time since last request: 3.424762 seconds.
  path: Assets/VR Mining/UI/Underground mining.png
  artifactKey: Guid(b35c71d487ca4ad49885d7e588178d15) Importer(815301076,1909f56bfc062723c751e8b465ee728b)
Start importing Assets/VR Mining/UI/Underground mining.png using Guid(b35c71d487ca4ad49885d7e588178d15) Importer(815301076,1909f56bfc062723c751e8b465ee728b)  -> (artifact id: '429d26c67e68f063fff6e560ad5f9e32') in 0.013298 seconds 
